  Generating code
C:\Users\MHC\source\repos\GmG\Source\Library\Game\Game.cpp(42): warning C4710: 'class library::MainWindow * __ptr64 __cdecl std::unique_ptr<class library::MainWindow,struct std::default_delete<class library::MainWindow> >::operator->(void)const __ptr64': function not inlined
C:\Users\MHC\source\repos\GmG\Source\Library\Shader\VertexShader.cpp(45): warning C4710: 'void __cdecl Microsoft::WRL::ComPtr<struct ID3D10Blob>::__autoclassinit2(unsigned __int64) __ptr64': function not inlined
C:\Users\MHC\source\repos\GmG\Source\Library\Texture\DDSTextureLoader.cpp(1932): warning C4710: 'void __cdecl std::unique_ptr<unsigned char [0],struct std::default_delete<unsigned char [0]> >::__autoclassinit2(unsigned __int64) __ptr64': function not inlined
C:\Users\MHC\source\repos\GmG\Source\Library\Game\Game.cpp(44): warning C4710: 'class library::Renderer * __ptr64 __cdecl std::unique_ptr<class library::Renderer,struct std::default_delete<class library::Renderer> >::operator->(void)const __ptr64': function not inlined
C:\Users\MHC\source\repos\GmG\Source\Library\Shader\VertexShader.cpp(45): warning C4710: '__cdecl Microsoft::WRL::ComPtr<struct ID3D10Blob>::ComPtr<struct ID3D10Blob>(std::nullptr_t) __ptr64': function not inlined
C:\Users\MHC\source\repos\GmG\Source\Library\Game\Game.cpp(44): warning C4710: 'class library::MainWindow * __ptr64 __cdecl std::unique_ptr<class library::MainWindow,struct std::default_delete<class library::MainWindow> >::operator->(void)const __ptr64': function not inlined
C:\Users\MHC\source\repos\GmG\Source\Library\Texture\DDSTextureLoader.cpp(1932): warning C4710: '__cdecl std::unique_ptr<unsigned char [0],struct std::default_delete<unsigned char [0]> >::unique_ptr<unsigned char [0],struct std::default_delete<unsigned char [0]> ><struct std::default_delete<unsigned char [0]>,0>(void) __ptr64': function not inlined
C:\Users\MHC\source\repos\GmG\Source\Library\Shader\VertexShader.cpp(46): warning C4710: 'struct ID3D10Blob * __ptr64 * __ptr64 __cdecl Microsoft::WRL::ComPtr<struct ID3D10Blob>::GetAddressOf(void) __ptr64': function not inlined
C:\Users\MHC\source\repos\GmG\Source\Library\Shader\VertexShader.cpp(52): warning C4710: '__cdecl Microsoft::WRL::ComPtr<struct ID3D10Blob>::~ComPtr<struct ID3D10Blob>(void) __ptr64': function not inlined
C:\Users\MHC\source\repos\GmG\Source\Library\Texture\DDSTextureLoader.cpp(1941): warning C4710: '__cdecl std::unique_ptr<unsigned char [0],struct std::default_delete<unsigned char [0]> >::~unique_ptr<unsigned char [0],struct std::default_delete<unsigned char [0]> >(void) __ptr64': function not inlined
C:\Users\MHC\source\repos\GmG\Source\Library\Shader\VertexShader.cpp(56): warning C4710: 'struct ID3D11VertexShader * __ptr64 * __ptr64 __cdecl Microsoft::WRL::ComPtr<struct ID3D11VertexShader>::GetAddressOf(void) __ptr64': function not inlined
C:\Users\MHC\source\repos\GmG\Source\Library\Texture\DDSTextureLoader.cpp(1959): warning C4710: '__cdecl std::unique_ptr<unsigned char [0],struct std::default_delete<unsigned char [0]> >::~unique_ptr<unsigned char [0],struct std::default_delete<unsigned char [0]> >(void) __ptr64': function not inlined
C:\Users\MHC\source\repos\GmG\Source\Library\Shader\VertexShader.cpp(56): warning C4710: 'struct ID3D10Blob * __ptr64 __cdecl Microsoft::WRL::ComPtr<struct ID3D10Blob>::operator->(void)const __ptr64': function not inlined
C:\Users\MHC\source\repos\GmG\Source\Library\Shader\VertexShader.cpp(56): warning C4710: 'struct ID3D10Blob * __ptr64 __cdecl Microsoft::WRL::ComPtr<struct ID3D10Blob>::operator->(void)const __ptr64': function not inlined
C:\Users\MHC\source\repos\GmG\Source\Library\Shader\VertexShader.cpp(60): warning C4710: '__cdecl Microsoft::WRL::ComPtr<struct ID3D10Blob>::~ComPtr<struct ID3D10Blob>(void) __ptr64': function not inlined
C:\Users\MHC\source\repos\GmG\Source\Library\Shader\VertexShader.cpp(75): warning C4710: 'struct ID3D11InputLayout * __ptr64 * __ptr64 __cdecl Microsoft::WRL::ComPtr<struct ID3D11InputLayout>::GetAddressOf(void) __ptr64': function not inlined
C:\Users\MHC\source\repos\GmG\Source\Library\Shader\VertexShader.cpp(75): warning C4710: 'struct ID3D10Blob * __ptr64 __cdecl Microsoft::WRL::ComPtr<struct ID3D10Blob>::operator->(void)const __ptr64': function not inlined
C:\Users\MHC\source\repos\GmG\Source\Library\Shader\VertexShader.cpp(75): warning C4710: 'struct ID3D10Blob * __ptr64 __cdecl Microsoft::WRL::ComPtr<struct ID3D10Blob>::operator->(void)const __ptr64': function not inlined
C:\Users\MHC\source\repos\GmG\Source\Library\Shader\VertexShader.cpp(79): warning C4710: '__cdecl Microsoft::WRL::ComPtr<struct ID3D10Blob>::~ComPtr<struct ID3D10Blob>(void) __ptr64': function not inlined
C:\Users\MHC\source\repos\GmG\Source\Library\Shader\VertexShader.cpp(82): warning C4710: '__cdecl Microsoft::WRL::ComPtr<struct ID3D10Blob>::~ComPtr<struct ID3D10Blob>(void) __ptr64': function not inlined
C:\Users\MHC\source\repos\GmG\Source\Library\Shader\VertexShader.cpp(79): warning C5045: Compiler will insert Spectre mitigation for memory load if /Qspectre switch specified
  C:\Users\MHC\source\repos\GmG\Source\Library\Shader\VertexShader.cpp(78) : note: index 'hr' range checked by comparison on this line
  C:\Users\MHC\source\repos\GmG\Source\Library\Shader\VertexShader.cpp(79) : note: feeds call on this line
C:\Users\MHC\source\repos\GmG\Source\Library\Shader\VertexShader.cpp(60): warning C5045: Compiler will insert Spectre mitigation for memory load if /Qspectre switch specified
  C:\Users\MHC\source\repos\GmG\Source\Library\Shader\VertexShader.cpp(57) : note: index 'hr' range checked by comparison on this line
  C:\Users\MHC\source\repos\GmG\Source\Library\Shader\VertexShader.cpp(60) : note: feeds call on this line
C:\Users\MHC\source\repos\GmG\Source\Library\Shader\VertexShader.cpp(52): warning C5045: Compiler will insert Spectre mitigation for memory load if /Qspectre switch specified
  C:\Users\MHC\source\repos\GmG\Source\Library\Shader\VertexShader.cpp(48) : note: index 'hr' range checked by comparison on this line
  C:\Users\MHC\source\repos\GmG\Source\Library\Shader\VertexShader.cpp(52) : note: feeds call on this line
  1 of 1148 functions (<0.1%) were compiled, the rest were copied from previous compilation.
    0 functions were new in current compilation
    2 functions had inline decision re-evaluated but remain unchanged
  Finished generating code
  Game.vcxproj -> C:\Users\MHC\source\repos\GmG\Build\x64\Release\Game.exe
